2003.08.30 23:50 B C:\WINDOWS\Desktop\web\macchu\arrivee_macchu.jpg <-- erw /web/amsud/cuzco arrivee_macchu.jpg
2003.08.30 23:50 B C:\WINDOWS\Desktop\web\macchu\arrivee_macchu_2.jpg <-- erw /web/amsud/cuzco arrivee_macchu_2.jpg
2003.08.30 23:50 B C:\WINDOWS\Desktop\web\macchu\arrivee_macchu_3.jpg <-- erw /web/amsud/cuzco arrivee_macchu_3.jpg
2003.08.30 23:50 B C:\WINDOWS\Desktop\web\macchu\arrivee_macchu_4.jpg <-- erw /web/amsud/cuzco arrivee_macchu_4.jpg
2003.08.30 23:50 B C:\WINDOWS\Desktop\web\macchu\cedric_steph_francisco_kooki.jpg <-- erw /web/amsud/cuzco cedric_steph_francisco_kooki.jpg
2003.08.30 23:51 B C:\WINDOWS\Desktop\web\macchu\macchu_am.jpg <-- erw /web/amsud/cuzco macchu_am.jpg
2003.08.30 23:51 B C:\WINDOWS\Desktop\web\macchu\macchu_am_2.jpg <-- erw /web/amsud/cuzco macchu_am_2.jpg
2003.08.30 23:51 B C:\WINDOWS\Desktop\web\macchu\macchu_am_3.jpg <-- erw /web/amsud/cuzco macchu_am_3.jpg
2003.08.30 23:51 B C:\WINDOWS\Desktop\web\macchu\macchu_erwan.jpg <-- erw /web/amsud/cuzco macchu_erwan.jpg
2003.08.30 23:51 B C:\WINDOWS\Desktop\web\macchu\macchu_lama.jpg <-- erw /web/amsud/cuzco macchu_lama.jpg
2003.08.30 23:51 B C:\WINDOWS\Desktop\web\macchu\macchu_lama_2.jpg <-- erw /web/amsud/cuzco macchu_lama_2.jpg
2003.08.30 23:51 B C:\WINDOWS\Desktop\web\macchu\macchu_matin.jpg <-- erw /web/amsud/cuzco macchu_matin.jpg
2003.08.30 23:52 B C:\WINDOWS\Desktop\web\macchu\macchu_matin_2.jpg <-- erw /web/amsud/cuzco macchu_matin_2.jpg
2003.08.30 23:52 B C:\WINDOWS\Desktop\web\macchu\macchu_matin_3.jpg <-- erw /web/amsud/cuzco macchu_matin_3.jpg
2003.08.30 23:52 B C:\WINDOWS\Desktop\web\macchu\mini_arrivee_macchu.jpg <-- erw /web/amsud/cuzco mini_arrivee_macchu.jpg
2003.08.30 23:52 B C:\WINDOWS\Desktop\web\macchu\mini_arrivee_macchu_2.jpg <-- erw /web/amsud/cuzco mini_arrivee_macchu_2.jpg
2003.08.30 23:52 B C:\WINDOWS\Desktop\web\macchu\mini_arrivee_macchu_3.jpg <-- erw /web/amsud/cuzco mini_arrivee_macchu_3.jpg
2003.08.30 23:52 B C:\WINDOWS\Desktop\web\macchu\mini_arrivee_macchu_4.jpg <-- erw /web/amsud/cuzco mini_arrivee_macchu_4.jpg
2003.08.30 23:52 B C:\WINDOWS\Desktop\web\macchu\mini_cedric_steph_francisco_kooki.jpg <-- erw /web/amsud/cuzco mini_cedric_steph_francisco_kooki.jpg
2003.08.30 23:52 B C:\WINDOWS\Desktop\web\macchu\mini_macchu_am.jpg <-- erw /web/amsud/cuzco mini_macchu_am.jpg
2003.08.30 23:52 B C:\WINDOWS\Desktop\web\macchu\mini_macchu_am_2.jpg <-- erw /web/amsud/cuzco mini_macchu_am_2.jpg
2003.08.30 23:52 B C:\WINDOWS\Desktop\web\macchu\mini_macchu_am_3.jpg <-- erw /web/amsud/cuzco mini_macchu_am_3.jpg
2003.08.30 23:52 B C:\WINDOWS\Desktop\web\macchu\mini_macchu_erwan.jpg <-- erw /web/amsud/cuzco mini_macchu_erwan.jpg
2003.08.30 23:52 B C:\WINDOWS\Desktop\web\macchu\mini_macchu_lama.jpg <-- erw /web/amsud/cuzco mini_macchu_lama.jpg
2003.08.30 23:52 B C:\WINDOWS\Desktop\web\macchu\mini_macchu_lama_2.jpg <-- erw /web/amsud/cuzco mini_macchu_lama_2.jpg
2003.08.30 23:52 B C:\WINDOWS\Desktop\web\macchu\mini_macchu_matin.jpg <-- erw /web/amsud/cuzco mini_macchu_matin.jpg
2003.08.30 23:52 B C:\WINDOWS\Desktop\web\macchu\mini_macchu_matin_2.jpg <-- erw /web/amsud/cuzco mini_macchu_matin_2.jpg
2003.08.30 23:53 B C:\WINDOWS\Desktop\web\macchu\mini_macchu_matin_3.jpg <-- erw /web/amsud/cuzco mini_macchu_matin_3.jpg
2003.08.31 00:02 B C:\WINDOWS\Desktop\web\macchu\fog_matin.jpg <-- erw /web/amsud/cuzco fog_matin.jpg
2003.08.31 00:02 B C:\WINDOWS\Desktop\web\macchu\mini_fog_matin.jpg <-- erw /web/amsud/cuzco mini_fog_matin.jpg
2003.08.31 00:02 B C:\WINDOWS\Desktop\web\macchu\mini_train.jpg <-- erw /web/amsud/cuzco mini_train.jpg
2003.08.31 00:02 B C:\WINDOWS\Desktop\web\macchu\train.jpg <-- erw /web/amsud/cuzco train.jpg
2003.08.31 00:31 B C:\WINDOWS\Desktop\web\macchu\arrivee_macchu.jpg --> www.erwan-adm.org /web/amsud/cuzco/macchu arrivee_macchu.jpg
2003.08.31 00:31 B C:\WINDOWS\Desktop\web\macchu\arrivee_macchu_2.jpg --> www.erwan-adm.org /web/amsud/cuzco/macchu arrivee_macchu_2.jpg
2003.08.31 00:31 B C:\WINDOWS\Desktop\web\macchu\arrivee_macchu_3.jpg --> www.erwan-adm.org /web/amsud/cuzco/macchu arrivee_macchu_3.jpg
2003.08.31 00:31 B C:\WINDOWS\Desktop\web\macchu\arrivee_macchu_4.jpg --> www.erwan-adm.org /web/amsud/cuzco/macchu arrivee_macchu_4.jpg
2003.08.31 00:31 B C:\WINDOWS\Desktop\web\macchu\cedric_steph_francisco_kooki.jpg --> www.erwan-adm.org /web/amsud/cuzco/macchu cedric_steph_francisco_kooki.jpg
2003.08.31 00:31 B C:\WINDOWS\Desktop\web\macchu\fog_matin.jpg --> www.erwan-adm.org /web/amsud/cuzco/macchu fog_matin.jpg
2003.08.31 00:32 B C:\WINDOWS\Desktop\web\macchu\macchu_am.jpg --> www.erwan-adm.org /web/amsud/cuzco/macchu macchu_am.jpg
2003.08.31 00:32 B C:\WINDOWS\Desktop\web\macchu\macchu_am_2.jpg --> www.erwan-adm.org /web/amsud/cuzco/macchu macchu_am_2.jpg
2003.08.31 00:32 B C:\WINDOWS\Desktop\web\macchu\macchu_am_3.jpg --> www.erwan-adm.org /web/amsud/cuzco/macchu macchu_am_3.jpg
2003.08.31 00:32 B C:\WINDOWS\Desktop\web\macchu\macchu_erwan.jpg --> www.erwan-adm.org /web/amsud/cuzco/macchu macchu_erwan.jpg
2003.08.31 00:32 B C:\WINDOWS\Desktop\web\macchu\macchu_lama.jpg --> www.erwan-adm.org /web/amsud/cuzco/macchu macchu_lama.jpg
2003.08.31 00:33 B C:\WINDOWS\Desktop\web\macchu\macchu_lama_2.jpg --> www.erwan-adm.org /web/amsud/cuzco/macchu macchu_lama_2.jpg
2003.08.31 00:33 B C:\WINDOWS\Desktop\web\macchu\macchu_matin.jpg --> www.erwan-adm.org /web/amsud/cuzco/macchu macchu_matin.jpg
2003.08.31 00:33 B C:\WINDOWS\Desktop\web\macchu\macchu_matin_2.jpg --> www.erwan-adm.org /web/amsud/cuzco/macchu macchu_matin_2.jpg
2003.08.31 00:34 B C:\WINDOWS\Desktop\web\macchu\macchu_matin_3.jpg --> www.erwan-adm.org /web/amsud/cuzco/macchu macchu_matin_3.jpg
2003.08.31 00:34 B C:\WINDOWS\Desktop\web\macchu\mini_arrivee_macchu.jpg --> www.erwan-adm.org /web/amsud/cuzco/macchu mini_arrivee_macchu.jpg
2003.08.31 00:34 B C:\WINDOWS\Desktop\web\macchu\mini_arrivee_macchu_2.jpg --> www.erwan-adm.org /web/amsud/cuzco/macchu mini_arrivee_macchu_2.jpg
2003.08.31 00:34 B C:\WINDOWS\Desktop\web\macchu\mini_arrivee_macchu_3.jpg --> www.erwan-adm.org /web/amsud/cuzco/macchu mini_arrivee_macchu_3.jpg
2003.08.31 00:34 B C:\WINDOWS\Desktop\web\macchu\mini_arrivee_macchu_4.jpg --> www.erwan-adm.org /web/amsud/cuzco/macchu mini_arrivee_macchu_4.jpg
2003.08.31 00:34 B C:\WINDOWS\Desktop\web\macchu\mini_cedric_steph_francisco_kooki.jpg --> www.erwan-adm.org /web/amsud/cuzco/macchu mini_cedric_steph_francisco_kooki.jpg
2003.08.31 00:34 B C:\WINDOWS\Desktop\web\macchu\mini_fog_matin.jpg --> www.erwan-adm.org /web/amsud/cuzco/macchu mini_fog_matin.jpg
2003.08.31 00:35 B C:\WINDOWS\Desktop\web\macchu\mini_macchu_am.jpg --> www.erwan-adm.org /web/amsud/cuzco/macchu mini_macchu_am.jpg
2003.08.31 00:35 B C:\WINDOWS\Desktop\web\macchu\mini_macchu_am_2.jpg --> www.erwan-adm.org /web/amsud/cuzco/macchu mini_macchu_am_2.jpg
2003.08.31 00:35 B C:\WINDOWS\Desktop\web\macchu\mini_macchu_am_3.jpg --> www.erwan-adm.org /web/amsud/cuzco/macchu mini_macchu_am_3.jpg
2003.08.31 00:35 B C:\WINDOWS\Desktop\web\macchu\mini_macchu_erwan.jpg --> www.erwan-adm.org /web/amsud/cuzco/macchu mini_macchu_erwan.jpg
2003.08.31 00:35 B C:\WINDOWS\Desktop\web\macchu\mini_macchu_lama.jpg --> www.erwan-adm.org /web/amsud/cuzco/macchu mini_macchu_lama.jpg
2003.08.31 00:35 B C:\WINDOWS\Desktop\web\macchu\mini_macchu_lama_2.jpg --> www.erwan-adm.org /web/amsud/cuzco/macchu mini_macchu_lama_2.jpg
2003.08.31 00:35 B C:\WINDOWS\Desktop\web\macchu\mini_macchu_matin.jpg --> www.erwan-adm.org /web/amsud/cuzco/macchu mini_macchu_matin.jpg
2003.08.31 00:35 B C:\WINDOWS\Desktop\web\macchu\mini_macchu_matin_2.jpg --> www.erwan-adm.org /web/amsud/cuzco/macchu mini_macchu_matin_2.jpg
2003.08.31 00:35 B C:\WINDOWS\Desktop\web\macchu\mini_macchu_matin_3.jpg --> www.erwan-adm.org /web/amsud/cuzco/macchu mini_macchu_matin_3.jpg
2003.08.31 00:35 B C:\WINDOWS\Desktop\web\macchu\mini_train.jpg --> www.erwan-adm.org /web/amsud/cuzco/macchu mini_train.jpg
2003.08.31 00:36 B C:\WINDOWS\Desktop\web\macchu\train.jpg --> www.erwan-adm.org /web/amsud/cuzco/macchu train.jpg
